#-----------------------------------------------------------
# Vivado v2020.1.1 (64-bit)
# SW Build 2960000 on Wed Aug  5 22:57:20 MDT 2020
# IP Build 2956692 on Thu Aug  6 01:41:30 MDT 2020
# Start of session at: Thu Nov 12 12:40:31 2020
# Process ID: 16740
# Current directory: C:/Users/aajos/Documents/GitHub/Lab10/Lab10
# Command line: vivado.exe -gui_launcher_event rodinguilauncherevent14468 C:\Users\aajos\Documents\GitHub\Lab10\Lab10\Lab10.xpr
# Log file: C:/Users/aajos/Documents/GitHub/Lab10/Lab10/vivado.log
# Journal file: C:/Users/aajos/Documents/GitHub/Lab10/Lab10\vivado.jou
#-----------------------------------------------------------
start_gui
open_project C:/Users/aajos/Documents/GitHub/Lab10/Lab10/Lab10.xpr
Scanning sources...
Finished scanning sources
WARNING: [filemgmt 56-3] Default IP Output Path : Could not find the directory 'C:/Users/aajos/Documents/GitHub/Lab10/Lab10/Lab10.srcs/sources_1'.
INFO: [IP_Flow 19-234] Refreshing IP repositories
INFO: [IP_Flow 19-1704] No user IP repositories specified
INFO: [IP_Flow 19-2313] Loaded Vivado IP repository 'C:/Xilinx/Vivado/2020.1/data/ip'.
open_project: Time (s): cpu = 00:00:24 ; elapsed = 00:00:14 . Memory (MB): peak = 1015.867 ; gain = 0.000
update_compile_order -fileset sources_1
launch_simulation
Command: launch_simulation 
INFO: [Vivado 12-5682] Launching behavioral simulation in 'C:/Users/aajos/Documents/GitHub/Lab10/Lab10/Lab10.sim/sim_1/behav/xsim'
INFO: [SIM-utils-51] Simulation object is 'sim_1'
INFO: [SIM-utils-54] Inspecting design source files for 'ncount_test' in fileset 'sim_1'...
INFO: [USF-XSim-97] Finding global include files...
INFO: [USF-XSim-98] Fetching design files from 'sim_1'...
INFO: [USF-XSim-2] XSim::Compile design
INFO: [USF-XSim-61] Executing 'COMPILE and ANALYZE' step in 'C:/Users/aajos/Documents/GitHub/Lab10/Lab10/Lab10.sim/sim_1/behav/xsim'
"xvlog --incr --relax -prj ncount_test_vlog.prj"
INFO: [Common 17-41] Interrupt caught. Command should exit soon.
run_program: Time (s): cpu = 00:00:27 ; elapsed = 00:09:52 . Memory (MB): peak = 1015.867 ; gain = 0.000
INFO: [Common 17-344] 'run_program' was cancelled
INFO: [Vivado 12-5357] 'compile' step aborted
launch_simulation: Time (s): cpu = 00:00:29 ; elapsed = 00:09:54 . Memory (MB): peak = 1015.867 ; gain = 0.000
INFO: [Common 17-344] 'launch_simulation' was cancelled
